[2015-06-03 14:11:12.596] boot - 532  INFO [main] --- Application: Starting Application on mteng-x220 with PID 532 (C:\Users\mteng\IdeaProjects\TestProject\target\classes started by mteng in C:\Users\mteng\IdeaProjects\TestProject)
[2015-06-03 14:11:12.663] boot - 532  INFO [main] --- AnnotationConfigEmbeddedWebApplicationContext: Refreshing org.springframework.boot.context.embedded.AnnotationConfigEmbeddedWebApplicationContext@61257dba: startup date [Wed Jun 03 14:11:12 EDT 2015]; root of context hierarchy
[2015-06-03 14:11:14.375] boot - 532  INFO [main] --- DefaultListableBeanFactory: Overriding bean definition for bean 'beanNameViewResolver': replacing [Root bean: class [null]; scope=; abstract=false; lazyInit=false; autowireMode=3; dependencyCheck=0; autowireCandidate=true; primary=false; factoryBeanName=org.springframework.boot.autoconfigure.web.ErrorMvcAutoConfiguration$WhitelabelErrorViewConfiguration; factoryMethodName=beanNameViewResolver; initMethodName=null; destroyMethodName=(inferred); defined in class path resource [org/springframework/boot/autoconfigure/web/ErrorMvcAutoConfiguration$WhitelabelErrorViewConfiguration.class]] with [Root bean: class [null]; scope=; abstract=false; lazyInit=false; autowireMode=3; dependencyCheck=0; autowireCandidate=true; primary=false; factoryBeanName=org.springframework.boot.autoconfigure.web.WebMvcAutoConfiguration$WebMvcAutoConfigurationAdapter; factoryMethodName=beanNameViewResolver; initMethodName=null; destroyMethodName=(inferred); defined in class path resource [org/springframework/boot/autoconfigure/web/WebMvcAutoConfiguration$WebMvcAutoConfigurationAdapter.class]]
[2015-06-03 14:11:15.265] boot - 532  INFO [main] --- TomcatEmbeddedServletContainer: Tomcat initialized with port(s): 8080 (http)
[2015-06-03 14:11:15.574] boot - 532  INFO [main] --- StandardService: Starting service Tomcat
[2015-06-03 14:11:15.575] boot - 532  INFO [main] --- StandardEngine: Starting Servlet Engine: Apache Tomcat/8.0.20
[2015-06-03 14:11:15.707] boot - 532  INFO [localhost-startStop-1] --- [/]: Initializing Spring embedded WebApplicationContext
[2015-06-03 14:11:15.707] boot - 532  INFO [localhost-startStop-1] --- ContextLoader: Root WebApplicationContext: initialization completed in 3048 ms
[2015-06-03 14:11:16.402] boot - 532  INFO [localhost-startStop-1] --- ServletRegistrationBean: Mapping servlet: 'dispatcherServlet' to [/]
[2015-06-03 14:11:16.405] boot - 532  INFO [localhost-startStop-1] --- FilterRegistrationBean: Mapping filter: 'characterEncodingFilter' to: [/*]
[2015-06-03 14:11:16.406] boot - 532  INFO [localhost-startStop-1] --- FilterRegistrationBean: Mapping filter: 'hiddenHttpMethodFilter' to: [/*]
[2015-06-03 14:11:16.630] boot - 532  INFO [main] --- RequestMappingHandlerAdapter: Looking for @ControllerAdvice: org.springframework.boot.context.embedded.AnnotationConfigEmbeddedWebApplicationContext@61257dba: startup date [Wed Jun 03 14:11:12 EDT 2015]; root of context hierarchy
[2015-06-03 14:11:16.709] boot - 532  INFO [main] --- RequestMappingHandlerMapping: Mapped "{[/name],methods=[],params=[],headers=[],consumes=[],produces=[],custom=[]}" onto java.lang.String com.mteng.controllers.LandingPageController.name()
[2015-06-03 14:11:16.710] boot - 532  INFO [main] --- RequestMappingHandlerMapping: Mapped "{[/],methods=[],params=[],headers=[],consumes=[],produces=[],custom=[]}" onto java.lang.String com.mteng.controllers.LandingPageController.home()
[2015-06-03 14:11:16.710] boot - 532  INFO [main] --- RequestMappingHandlerMapping: Mapped "{[/sample],methods=[],params=[],headers=[],consumes=[],produces=[],custom=[]}" onto java.lang.String com.mteng.controllers.LandingPageController.sample()
[2015-06-03 14:11:16.713] boot - 532  INFO [main] --- RequestMappingHandlerMapping: Mapped "{[/error],methods=[],params=[],headers=[],consumes=[],produces=[],custom=[]}" onto public org.springframework.http.ResponseEntity<java.util.Map<java.lang.String, java.lang.Object>> org.springframework.boot.autoconfigure.web.BasicErrorController.error(javax.servlet.http.HttpServletRequest)
[2015-06-03 14:11:16.713] boot - 532  INFO [main] --- RequestMappingHandlerMapping: Mapped "{[/error],methods=[],params=[],headers=[],consumes=[],produces=[text/html],custom=[]}" onto public org.springframework.web.servlet.ModelAndView org.springframework.boot.autoconfigure.web.BasicErrorController.errorHtml(javax.servlet.http.HttpServletRequest)
[2015-06-03 14:11:16.746] boot - 532  INFO [main] --- SimpleUrlHandlerMapping: Mapped URL path [/**] onto handler of type [class org.springframework.web.servlet.resource.ResourceHttpRequestHandler]
[2015-06-03 14:11:16.746] boot - 532  INFO [main] --- SimpleUrlHandlerMapping: Mapped URL path [/webjars/**] onto handler of type [class org.springframework.web.servlet.resource.ResourceHttpRequestHandler]
[2015-06-03 14:11:16.815] boot - 532  INFO [main] --- SimpleUrlHandlerMapping: Mapped URL path [/**/favicon.ico] onto handler of type [class org.springframework.web.servlet.resource.ResourceHttpRequestHandler]
[2015-06-03 14:11:16.909] boot - 532  INFO [main] --- AnnotationMBeanExporter: Registering beans for JMX exposure on startup
[2015-06-03 14:11:16.960] boot - 532  INFO [main] --- TomcatEmbeddedServletContainer: Tomcat started on port(s): 8080 (http)
[2015-06-03 14:11:16.961] boot - 532  INFO [main] --- Application: Started Application in 4.791 seconds (JVM running for 5.123)
[2015-06-03 14:12:11.405] boot - 532  INFO [http-nio-8080-exec-1] --- [/]: Initializing Spring FrameworkServlet 'dispatcherServlet'
[2015-06-03 14:12:11.405] boot - 532  INFO [http-nio-8080-exec-1] --- DispatcherServlet: FrameworkServlet 'dispatcherServlet': initialization started
[2015-06-03 14:12:11.420] boot - 532  INFO [http-nio-8080-exec-1] --- DispatcherServlet: FrameworkServlet 'dispatcherServlet': initialization completed in 15 ms
[2015-06-03 14:16:17.185] boot - 3920  INFO [main] --- Application: Starting Application on mteng-x220 with PID 3920 (C:\Users\mteng\IdeaProjects\TestProject\target\classes started by mteng in C:\Users\mteng\IdeaProjects\TestProject)
[2015-06-03 14:16:17.248] boot - 3920  INFO [main] --- AnnotationConfigEmbeddedWebApplicationContext: Refreshing org.springframework.boot.context.embedded.AnnotationConfigEmbeddedWebApplicationContext@729e0fbe: startup date [Wed Jun 03 14:16:17 EDT 2015]; root of context hierarchy
[2015-06-03 14:16:18.687] boot - 3920  INFO [main] --- DefaultListableBeanFactory: Overriding bean definition for bean 'beanNameViewResolver': replacing [Root bean: class [null]; scope=; abstract=false; lazyInit=false; autowireMode=3; dependencyCheck=0; autowireCandidate=true; primary=false; factoryBeanName=org.springframework.boot.autoconfigure.web.ErrorMvcAutoConfiguration$WhitelabelErrorViewConfiguration; factoryMethodName=beanNameViewResolver; initMethodName=null; destroyMethodName=(inferred); defined in class path resource [org/springframework/boot/autoconfigure/web/ErrorMvcAutoConfiguration$WhitelabelErrorViewConfiguration.class]] with [Root bean: class [null]; scope=; abstract=false; lazyInit=false; autowireMode=3; dependencyCheck=0; autowireCandidate=true; primary=false; factoryBeanName=org.springframework.boot.autoconfigure.web.WebMvcAutoConfiguration$WebMvcAutoConfigurationAdapter; factoryMethodName=beanNameViewResolver; initMethodName=null; destroyMethodName=(inferred); defined in class path resource [org/springframework/boot/autoconfigure/web/WebMvcAutoConfiguration$WebMvcAutoConfigurationAdapter.class]]
[2015-06-03 14:16:19.595] boot - 3920  INFO [main] --- TomcatEmbeddedServletContainer: Tomcat initialized with port(s): 9090 (http)
[2015-06-03 14:16:19.857] boot - 3920  INFO [main] --- StandardService: Starting service Tomcat
[2015-06-03 14:16:19.859] boot - 3920  INFO [main] --- StandardEngine: Starting Servlet Engine: Apache Tomcat/8.0.20
[2015-06-03 14:16:19.983] boot - 3920  INFO [localhost-startStop-1] --- [/]: Initializing Spring embedded WebApplicationContext
[2015-06-03 14:16:19.983] boot - 3920  INFO [localhost-startStop-1] --- ContextLoader: Root WebApplicationContext: initialization completed in 2738 ms
[2015-06-03 14:16:20.684] boot - 3920  INFO [localhost-startStop-1] --- ServletRegistrationBean: Mapping servlet: 'dispatcherServlet' to [/]
[2015-06-03 14:16:20.689] boot - 3920  INFO [localhost-startStop-1] --- FilterRegistrationBean: Mapping filter: 'characterEncodingFilter' to: [/*]
[2015-06-03 14:16:20.690] boot - 3920  INFO [localhost-startStop-1] --- FilterRegistrationBean: Mapping filter: 'hiddenHttpMethodFilter' to: [/*]
[2015-06-03 14:16:20.922] boot - 3920  INFO [main] --- RequestMappingHandlerAdapter: Looking for @ControllerAdvice: org.springframework.boot.context.embedded.AnnotationConfigEmbeddedWebApplicationContext@729e0fbe: startup date [Wed Jun 03 14:16:17 EDT 2015]; root of context hierarchy
[2015-06-03 14:16:20.997] boot - 3920  INFO [main] --- RequestMappingHandlerMapping: Mapped "{[/name],methods=[],params=[],headers=[],consumes=[],produces=[],custom=[]}" onto java.lang.String com.mteng.controllers.LandingPageController.name()
[2015-06-03 14:16:20.998] boot - 3920  INFO [main] --- RequestMappingHandlerMapping: Mapped "{[/sample],methods=[],params=[],headers=[],consumes=[],produces=[],custom=[]}" onto java.lang.String com.mteng.controllers.LandingPageController.sample()
[2015-06-03 14:16:20.998] boot - 3920  INFO [main] --- RequestMappingHandlerMapping: Mapped "{[/],methods=[],params=[],headers=[],consumes=[],produces=[],custom=[]}" onto java.lang.String com.mteng.controllers.LandingPageController.home()
[2015-06-03 14:16:21.003] boot - 3920  INFO [main] --- RequestMappingHandlerMapping: Mapped "{[/error],methods=[],params=[],headers=[],consumes=[],produces=[],custom=[]}" onto public org.springframework.http.ResponseEntity<java.util.Map<java.lang.String, java.lang.Object>> org.springframework.boot.autoconfigure.web.BasicErrorController.error(javax.servlet.http.HttpServletRequest)
[2015-06-03 14:16:21.003] boot - 3920  INFO [main] --- RequestMappingHandlerMapping: Mapped "{[/error],methods=[],params=[],headers=[],consumes=[],produces=[text/html],custom=[]}" onto public org.springframework.web.servlet.ModelAndView org.springframework.boot.autoconfigure.web.BasicErrorController.errorHtml(javax.servlet.http.HttpServletRequest)
[2015-06-03 14:16:21.047] boot - 3920  INFO [main] --- SimpleUrlHandlerMapping: Mapped URL path [/**] onto handler of type [class org.springframework.web.servlet.resource.ResourceHttpRequestHandler]
[2015-06-03 14:16:21.047] boot - 3920  INFO [main] --- SimpleUrlHandlerMapping: Mapped URL path [/webjars/**] onto handler of type [class org.springframework.web.servlet.resource.ResourceHttpRequestHandler]
[2015-06-03 14:16:21.114] boot - 3920  INFO [main] --- SimpleUrlHandlerMapping: Mapped URL path [/**/favicon.ico] onto handler of type [class org.springframework.web.servlet.resource.ResourceHttpRequestHandler]
[2015-06-03 14:16:21.193] boot - 3920  INFO [main] --- AnnotationMBeanExporter: Registering beans for JMX exposure on startup
[2015-06-03 14:16:21.243] boot - 3920  INFO [main] --- TomcatEmbeddedServletContainer: Tomcat started on port(s): 9090 (http)
[2015-06-03 14:16:21.245] boot - 3920  INFO [main] --- Application: Started Application in 4.531 seconds (JVM running for 4.872)
[2015-06-03 14:16:42.216] boot - 3920  INFO [http-nio-9090-exec-1] --- [/]: Initializing Spring FrameworkServlet 'dispatcherServlet'
[2015-06-03 14:16:42.216] boot - 3920  INFO [http-nio-9090-exec-1] --- DispatcherServlet: FrameworkServlet 'dispatcherServlet': initialization started
[2015-06-03 14:16:42.231] boot - 3920  INFO [http-nio-9090-exec-1] --- DispatcherServlet: FrameworkServlet 'dispatcherServlet': initialization completed in 15 ms
[2015-06-03 14:16:50.984] boot - 3920  INFO [http-nio-9090-exec-4] --- LandingPageController: Enter name controller. 
